Searching for include files...
Searching for example files...
Searching for images...
Searching for dot files...
Searching for msc files...
Searching for dia files...
Searching for files to exclude
Searching INPUT for files to process...
Searching for files in directory /home/yrshell/YRShell
Searching for files in directory /home/yrshell/YRShell/utility
Searching for files in directory /home/yrshell/YRShell/build
Reading and parsing tag files
Parsing files
Reading /home/yrshell/YRShell/readme.md...
Preprocessing /home/yrshell/YRShell/YRShell.cpp...
Parsing file /home/yrshell/YRShell/YRShell.cpp...
Preprocessing /home/yrshell/YRShell/YRShell.h...
Parsing file /home/yrshell/YRShell/YRShell.h...
Preprocessing /home/yrshell/YRShell/utility/CircularQ.h...
Parsing file /home/yrshell/YRShell/utility/CircularQ.h...
Preprocessing /home/yrshell/YRShell/utility/Dictionary.cpp...
Parsing file /home/yrshell/YRShell/utility/Dictionary.cpp...
Preprocessing /home/yrshell/YRShell/utility/Dictionary.h...
Parsing file /home/yrshell/YRShell/utility/Dictionary.h...
Preprocessing /home/yrshell/YRShell/utility/IntervalTimer.cpp...
Parsing file /home/yrshell/YRShell/utility/IntervalTimer.cpp...
Preprocessing /home/yrshell/YRShell/utility/IntervalTimer.h...
Parsing file /home/yrshell/YRShell/utility/IntervalTimer.h...
Preprocessing /home/yrshell/YRShell/utility/YRShellDefines.h...
Parsing file /home/yrshell/YRShell/utility/YRShellDefines.h...
Preprocessing /home/yrshell/YRShell/utility/YRShellInterpreter.cpp...
Parsing file /home/yrshell/YRShell/utility/YRShellInterpreter.cpp...
Preprocessing /home/yrshell/YRShell/utility/YRShellInterpreter.h...
Parsing file /home/yrshell/YRShell/utility/YRShellInterpreter.h...
Preprocessing /home/yrshell/YRShell/build/doxygen.h...
Parsing file /home/yrshell/YRShell/build/doxygen.h...
Preprocessing /home/yrshell/YRShell/build/main.cpp...
Parsing file /home/yrshell/YRShell/build/main.cpp...
Preprocessing /home/yrshell/YRShell/build/test.cpp...
Parsing file /home/yrshell/YRShell/build/test.cpp...
Preprocessing /home/yrshell/YRShell/build/testSupport.cpp...
Parsing file /home/yrshell/YRShell/build/testSupport.cpp...
Preprocessing /home/yrshell/YRShell/build/testSupport.h...
Parsing file /home/yrshell/YRShell/build/testSupport.h...
Building group list...
Building directory list...
Building namespace list...
Building file list...
Building class list...
Associating documentation with classes...
Computing nesting relations for classes...
Building example list...
Searching for enumerations...
Searching for documented typedefs...
Searching for members imported via using declarations...
Searching for included using directives...
Searching for documented variables...
Building interface member list...
Building member list...
Searching for friends...
Searching for documented defines...
Computing class inheritance relations...
Computing class usage relations...
Flushing cached template relations that have become invalid...
Creating members for template instances...
Computing class relations...
Add enum values to enums...
Searching for member function documentation...
Building page list...
Search for main page...
Computing page relations...
Determining the scope of groups...
Sorting lists...
Freeing entry tree
Determining which enums are documented
Computing member relations...
Building full member lists recursively...
Adding members to member groups.
Computing member references...
Inheriting documentation...
Generating disk names...
Adding source references...
Adding xrefitems...
Sorting member lists...
Computing dependencies between directories...
Generating citations page...
Counting data structures...
Resolving user defined references...
Finding anchors and sections in the documentation...
Transferring function references...
Combining using relations...
Adding members to index pages...
Generating style sheet...
Generating search indices...
Generating example documentation...
Generating file sources...
Generating code for file doxygen.h...
Generating code for file testSupport.h...
Generating code for file /home/yrshell/YRShell/utility/CircularQ.h...
Generating code for file /home/yrshell/YRShell/utility/Dictionary.h...
Generating code for file /home/yrshell/YRShell/utility/IntervalTimer.h...
Generating code for file /home/yrshell/YRShell/utility/YRShellDefines.h...
Generating code for file /home/yrshell/YRShell/utility/YRShellInterpreter.h...
Generating code for file /home/yrshell/YRShell/YRShell.h...
Generating file documentation...
Generating page documentation...
Generating docs for page md__home_yrshell_YRShell_readme...
Generating docs for page userDocumentation...
Generating docs for page customizingDocumentation...
Generating docs for page developerDocumentation...
Generating docs for page currentStatus...
Generating docs for page examples...
Generating group documentation...
Generating class documentation...
Generating docs for compound CircularQ...
Generating docs for compound CompiledDictionary...
Generating docs for compound CurrentDictionary...
Generating docs for compound CurrentVariableDictionary...
Generating docs for compound Dictionary...
Generating docs for compound FunctionDictionary...
Generating docs for compound FunctionEntry...
Generating docs for compound IntervalTimer...
Generating docs for compound MyYRShell...
Generating docs for compound ShellRunner...
Generating docs for compound YRShell...
Generating docs for compound YRShellInterpreter...
Generating namespace index...
Generating graph info page...
Generating directory documentation...
Generating index page...
Generating page index...
Generating module index...
Generating namespace index...
Generating namespace member index...
Generating annotated compound index...
Generating alphabetical compound index...
Generating hierarchical class index...
Generating member index...
Generating file index...
Generating file member index...
Generating example index...
finalizing index lists...
writing tag file...
lookup cache used 419/65536 hits=1741 misses=433
finished...
